<?xml version="1.0" encoding="UTF-8"?>
<testng-results ignored="0" total="1" passed="1" failed="0" skipped="0">
  <reporter-output>
  </reporter-output>
  <suite started-at="2025-02-16T16:05:33 IST" name="Default suite" finished-at="2025-02-16T16:06:03 IST" duration-ms="29945">
    <groups>
    </groups>
    <test started-at="2025-02-16T16:05:33 IST" name="Default test" finished-at="2025-02-16T16:06:03 IST" duration-ms="29945">
      <class name="amaonone.amazon">
        <test-method signature="browserlucnh()[pri:1, instance:amaonone.amazon@4550bb58]" started-at="2025-02-16T16:05:33 IST" name="browserlucnh" finished-at="2025-02-16T16:06:03 IST" duration-ms="29866" status="PASS">
          <reporter-output>
          </reporter-output>
        </test-method> <!-- browserlucnh -->
      </class> <!-- amaonone.amazon -->
    </test> <!-- Default test -->
  </suite> <!-- Default suite -->
</testng-results>
